[2025-09-29 18:09:09.755] [info]  Running version 11.6.1
[2025-09-29 18:09:09.780] [error] [electron client protocol] FAILED to set default protocol 'insomnia://'
[2025-09-29 18:09:09.804] [info]  [electron client protocol] the current executable is not the default protocol for 'insomnia://'
[2025-09-29 18:09:09.850] [info]  [electron client protocol] the default application set for 'insomnia://' is 'insomnia.desktop
'
[2025-09-29 18:09:09.915] [info]  [fix] Running database repairs
[2025-09-29 18:09:10.038] [info]  [main] Checking for newer version than  11.6.1
[2025-09-29 18:09:10.396] [info]  [main] Found newer version
[2025-09-29 18:09:10.398] [info]  [main] Backup found at: /home/nbardavid/.config/Insomnia/backups/11.6.1
[2025-09-29 18:09:10.398] [info]  [ElectronStorage] Initialized at /home/nbardavid/.config/Insomnia/localStorage
[2025-09-29 18:09:10.407] [info]  [main] Second instance listener received: /opt/insomnia/insomnia||--allow-file-access-from-files||--enable-features=DocumentPolicyIncludeJSCallStacksInCrashReports||--secure-schemes=sentry-ipc||--bypasscsp-schemes=sentry-ipc||--cors-schemes=sentry-ipc||--fetch-schemes=sentry-ipc||--secure-schemes=insomnia-event-source,https,http,insomnia-templating-worker-database,sentry-ipc||--bypasscsp-schemes=sentry-ipc||--cors-schemes=sentry-ipc||--fetch-schemes=insomnia-event-source,https,http,insomnia-templating-worker-database,sentry-ipc||--standard-schemes=insomnia-event-source,https,http,insomnia-templating-worker-database||--streaming-schemes=insomnia-event-source||insomnia://app/auth/finish?box=aVcmbESs979oldaKX05sxScUc1LkR9MiZbFS7n89SmuGADxPsg57G%2FGAN8pyWleVlWxf9P0FqHGVHpe4kt6mzXXfuSs4Bt9dskFWAK50IVvMgdVCC%2FfX3KVOV03X3StCbC%2FfVf3Wug9T6tAQ2k3KYmnE%2FANTgaiMQdVscBBjz%2FP03HGq439NHHfJ1aN5%2FbcWUfoGGd6o%2F%2B2XRQvsFdVQVzuzZ%2BiGEJozwxIBSqpit4zSmiK2TipAPwwrXVtuFSAq8OjDZXc%3D
[2025-09-29 18:09:10.407] [info]  [main] Registering the hidden window restarting handler
[2025-09-29 18:09:10.408] [info]  [main] Open Deep Link URL sent from second instance insomnia://app/auth/finish?box=aVcmbESs979oldaKX05sxScUc1LkR9MiZbFS7n89SmuGADxPsg57G%2FGAN8pyWleVlWxf9P0FqHGVHpe4kt6mzXXfuSs4Bt9dskFWAK50IVvMgdVCC%2FfX3KVOV03X3StCbC%2FfVf3Wug9T6tAQ2k3KYmnE%2FANTgaiMQdVscBBjz%2FP03HGq439NHHfJ1aN5%2FbcWUfoGGd6o%2F%2B2XRQvsFdVQVzuzZ%2BiGEJozwxIBSqpit4zSmiK2TipAPwwrXVtuFSAq8OjDZXc%3D
[2025-09-29 18:09:10.408] [error] [app] Failed to get instance lock
[2025-09-29 18:09:10.411] [info]  Loading index for: /assets/auth.authorize-D4VvA82W.js from: /opt/insomnia/resources/app.asar/client/assets/auth.authorize-D4VvA82W.js
[2025-09-29 18:09:10.412] [info]  [updater] Not supported on this platform linux
[2025-09-29 18:09:11.096] [info]  Loading index for: /assets/organization._organizationId._index-trHxkcEf.js from: /opt/insomnia/resources/app.asar/client/assets/organization._organizationId._index-trHxkcEf.js
[2025-09-29 18:09:11.234] [info]  Loading index for: /assets/organization._organizationId.project._projectId-CIxW4wXO.js from: /opt/insomnia/resources/app.asar/client/assets/organization._organizationId.project._projectId-CIxW4wXO.js
[2025-09-29 18:09:11.240] [info]  Loading index for: /assets/organization._organizationId.project._projectId._index-vCz59rGz.js from: /opt/insomnia/resources/app.asar/client/assets/organization._organizationId.project._projectId._index-vCz59rGz.js
[2025-09-29 18:09:11.315] [info]  Loading index for: /assets/organization._organizationId.permissions-BuLbLywt.js from: /opt/insomnia/resources/app.asar/client/assets/organization._organizationId.permissions-BuLbLywt.js
[2025-09-29 18:09:11.316] [info]  Loading index for: /assets/organization._organizationId.storage-rules-DQdMACyl.js from: /opt/insomnia/resources/app.asar/client/assets/organization._organizationId.storage-rules-DQdMACyl.js
[2025-09-29 18:09:11.322] [info]  Loading index for: /assets/untracked-projects-CVyv6CrV.js from: /opt/insomnia/resources/app.asar/client/assets/untracked-projects-CVyv6CrV.js
[2025-09-29 18:09:12.802] [info]  Loading index for: /assets/organization._organizationId.insomnia-sync.pull-remote-file-CxCTfiRL.js from: /opt/insomnia/resources/app.asar/client/assets/organization._organizationId.insomnia-sync.pull-remote-file-CxCTfiRL.js
[2025-09-29 18:09:13.796] [info]  Loading index for: /assets/organization._organizationId.project._projectId.workspace._workspaceId-CIxJys2h.js from: /opt/insomnia/resources/app.asar/client/assets/organization._organizationId.project._projectId.workspace._workspaceId-CIxJys2h.js
[2025-09-29 18:09:13.800] [info]  Loading index for: /assets/organization._organizationId.project._projectId.workspace._workspaceId.debug-Dy3HEza5.js from: /opt/insomnia/resources/app.asar/client/assets/organization._organizationId.project._projectId.workspace._workspaceId.debug-Dy3HEza5.js
[2025-09-29 18:09:13.819] [info]  Loading index for: /assets/use-insomnia-tab-DFsJeTz4.js from: /opt/insomnia/resources/app.asar/client/assets/use-insomnia-tab-DFsJeTz4.js
[2025-09-29 18:09:13.821] [info]  Loading index for: /assets/organization._organizationId.project._projectId.workspace._workspaceId.debug.reorder-Ceua9ExV.js from: /opt/insomnia/resources/app.asar/client/assets/organization._organizationId.project._projectId.workspace._workspaceId.debug.reorder-Ceua9ExV.js
[2025-09-29 18:09:13.822] [info]  Loading index for: /assets/organization._organizationId.project._projectId.workspace._workspaceId.debug.request._requestId.duplicate-C3L6SOmF.js from: /opt/insomnia/resources/app.asar/client/assets/organization._organizationId.project._projectId.workspace._workspaceId.debug.request._requestId.duplicate-C3L6SOmF.js
[2025-09-29 18:09:13.823] [info]  Loading index for: /assets/organization._organizationId.project._projectId.workspace._workspaceId.debug.request.delete-vuBF6SNY.js from: /opt/insomnia/resources/app.asar/client/assets/organization._organizationId.project._projectId.workspace._workspaceId.debug.request.delete-vuBF6SNY.js
[2025-09-29 18:09:13.823] [info]  Loading index for: /assets/organization._organizationId.project._projectId.workspace._workspaceId.debug.request-group.new-DozAp36c.js from: /opt/insomnia/resources/app.asar/client/assets/organization._organizationId.project._projectId.workspace._workspaceId.debug.request-group.new-DozAp36c.js
[2025-09-29 18:09:13.823] [info]  Loading index for: /assets/organization._organizationId.project._projectId.workspace._workspaceId.debug.runner-C-RgkPN_.js from: /opt/insomnia/resources/app.asar/client/assets/organization._organizationId.project._projectId.workspace._workspaceId.debug.runner-C-RgkPN_.js
[2025-09-29 18:09:13.824] [info]  Loading index for: /assets/organization._organizationId.project._projectId.workspace._workspaceId.debug.tutorial._panel-BuPJS7Rs.js from: /opt/insomnia/resources/app.asar/client/assets/organization._organizationId.project._projectId.workspace._workspaceId.debug.tutorial._panel-BuPJS7Rs.js
[2025-09-29 18:09:13.824] [info]  Loading index for: /assets/organization._organizationId.project._projectId.workspace._workspaceId.toggle-expand-all-0yFuyr9p.js from: /opt/insomnia/resources/app.asar/client/assets/organization._organizationId.project._projectId.workspace._workspaceId.toggle-expand-all-0yFuyr9p.js
[2025-09-29 18:09:13.824] [info]  Loading index for: /assets/workspace-environments-edit-modal-C2ciDFHa.js from: /opt/insomnia/resources/app.asar/client/assets/workspace-environments-edit-modal-C2ciDFHa.js
[2025-09-29 18:09:13.824] [info]  Loading index for: /assets/organization._organizationId.project._projectId.workspace._workspaceId.debug.request-group.delete-DBkTSDoU.js from: /opt/insomnia/resources/app.asar/client/assets/organization._organizationId.project._projectId.workspace._workspaceId.debug.request-group.delete-DBkTSDoU.js
[2025-09-29 18:09:13.825] [info]  Loading index for: /assets/organization._organizationId.project._projectId.workspace._workspaceId.debug.request-group.duplicate-BG9n_HFt.js from: /opt/insomnia/resources/app.asar/client/assets/organization._organizationId.project._projectId.workspace._workspaceId.debug.request-group.duplicate-BG9n_HFt.js
[2025-09-29 18:09:13.825] [info]  Loading index for: /assets/editable-input-B2g8vXt7.js from: /opt/insomnia/resources/app.asar/client/assets/editable-input-B2g8vXt7.js
[2025-09-29 18:09:13.825] [info]  Loading index for: /assets/use-vcs-version-Bs5aS844.js from: /opt/insomnia/resources/app.asar/client/assets/use-vcs-version-Bs5aS844.js
[2025-09-29 18:09:13.825] [info]  Loading index for: /assets/organization._organizationId.project._projectId.workspace._workspaceId.mock-server.mock-route._mockRouteId-CHXOa4Nx.js from: /opt/insomnia/resources/app.asar/client/assets/organization._organizationId.project._projectId.workspace._workspaceId.mock-server.mock-route._mockRouteId-CHXOa4Nx.js
[2025-09-29 18:09:13.826] [info]  Loading index for: /assets/time-tag-rfJHwDKN.js from: /opt/insomnia/resources/app.asar/client/assets/time-tag-rfJHwDKN.js
[2025-09-29 18:09:13.826] [info]  Loading index for: /assets/key-value-editor-YXYmH-kb.js from: /opt/insomnia/resources/app.asar/client/assets/key-value-editor-YXYmH-kb.js
[2025-09-29 18:09:13.826] [info]  Loading index for: /assets/translate-postman-script-tuFr5ozR.js from: /opt/insomnia/resources/app.asar/client/assets/translate-postman-script-tuFr5ozR.js
[2025-09-29 18:09:13.826] [info]  Loading index for: /assets/_virtual_external_mime-types-CTWFU_fg.js from: /opt/insomnia/resources/app.asar/client/assets/_virtual_external_mime-types-CTWFU_fg.js
[2025-09-29 18:09:13.827] [info]  Loading index for: /assets/organization._organizationId.project._projectId.workspace._workspaceId.debug.request._requestId.connect-SGe1s2Cd.js from: /opt/insomnia/resources/app.asar/client/assets/organization._organizationId.project._projectId.workspace._workspaceId.debug.request._requestId.connect-SGe1s2Cd.js
[2025-09-29 18:09:13.827] [info]  Loading index for: /assets/organization._organizationId.project._projectId.workspace._workspaceId.debug.request._requestId.send-D_V28Gap.js from: /opt/insomnia/resources/app.asar/client/assets/organization._organizationId.project._projectId.workspace._workspaceId.debug.request._requestId.send-D_V28Gap.js
[2025-09-29 18:09:13.827] [info]  Loading index for: /assets/organization._organizationId.project._projectId.workspace._workspaceId.debug.request._requestId.response.delete-BgxSfBeV.js from: /opt/insomnia/resources/app.asar/client/assets/organization._organizationId.project._projectId.workspace._workspaceId.debug.request._requestId.response.delete-BgxSfBeV.js
[2025-09-29 18:09:13.827] [info]  Loading index for: /assets/organization._organizationId.project._projectId.workspace._workspaceId.debug.request._requestId.response.delete-all-c3h4B4q7.js from: /opt/insomnia/resources/app.asar/client/assets/organization._organizationId.project._projectId.workspace._workspaceId.debug.request._requestId.response.delete-all-c3h4B4q7.js
[2025-09-29 18:09:13.828] [info]  Loading index for: /assets/organization._organizationId.project._projectId.workspace._workspaceId.mock-server.mock-route.new-CEXE1OwE.js from: /opt/insomnia/resources/app.asar/client/assets/organization._organizationId.project._projectId.workspace._workspaceId.mock-server.mock-route.new-CEXE1OwE.js
[2025-09-29 18:09:13.829] [info]  Loading index for: /assets/organization._organizationId.project._projectId.workspace._workspaceId.insomnia-sync.branch.checkout-DSkwlUeM.js from: /opt/insomnia/resources/app.asar/client/assets/organization._organizationId.project._projectId.workspace._workspaceId.insomnia-sync.branch.checkout-DSkwlUeM.js
[2025-09-29 18:09:13.829] [info]  Loading index for: /assets/organization._organizationId.project._projectId.workspace._workspaceId.insomnia-sync.pull-B87SFG0q.js from: /opt/insomnia/resources/app.asar/client/assets/organization._organizationId.project._projectId.workspace._workspaceId.insomnia-sync.pull-B87SFG0q.js
[2025-09-29 18:09:13.830] [info]  Loading index for: /assets/organization._organizationId.project._projectId.workspace._workspaceId.insomnia-sync.push-BgjObNnK.js from: /opt/insomnia/resources/app.asar/client/assets/organization._organizationId.project._projectId.workspace._workspaceId.insomnia-sync.push-BgjObNnK.js
[2025-09-29 18:09:13.831] [info]  Loading index for: /assets/organization._organizationId.project._projectId.workspace._workspaceId.insomnia-sync.rollback-C9nkcYhW.js from: /opt/insomnia/resources/app.asar/client/assets/organization._organizationId.project._projectId.workspace._workspaceId.insomnia-sync.rollback-C9nkcYhW.js
[2025-09-29 18:09:13.832] [info]  Loading index for: /assets/organization._organizationId.project._projectId.workspace._workspaceId.insomnia-sync.branch.create-mZUGsP_u.js from: /opt/insomnia/resources/app.asar/client/assets/organization._organizationId.project._projectId.workspace._workspaceId.insomnia-sync.branch.create-mZUGsP_u.js
[2025-09-29 18:09:13.832] [info]  Loading index for: /assets/organization._organizationId.project._projectId.workspace._workspaceId.insomnia-sync.branch.delete-Du2yWV6e.js from: /opt/insomnia/resources/app.asar/client/assets/organization._organizationId.project._projectId.workspace._workspaceId.insomnia-sync.branch.delete-Du2yWV6e.js
[2025-09-29 18:09:13.833] [info]  Loading index for: /assets/organization._organizationId.project._projectId.workspace._workspaceId.insomnia-sync.branch.merge-C-q6aLKl.js from: /opt/insomnia/resources/app.asar/client/assets/organization._organizationId.project._projectId.workspace._workspaceId.insomnia-sync.branch.merge-C-q6aLKl.js
[2025-09-29 18:09:13.833] [info]  Loading index for: /assets/organization._organizationId.project._projectId.workspace._workspaceId.insomnia-sync.fetch-Bb0IINfR.js from: /opt/insomnia/resources/app.asar/client/assets/organization._organizationId.project._projectId.workspace._workspaceId.insomnia-sync.fetch-Bb0IINfR.js
[2025-09-29 18:09:13.834] [info]  Loading index for: /assets/organization._organizationId.project._projectId.workspace._workspaceId.insomnia-sync.restore-B6vSkMBg.js from: /opt/insomnia/resources/app.asar/client/assets/organization._organizationId.project._projectId.workspace._workspaceId.insomnia-sync.restore-B6vSkMBg.js
[2025-09-29 18:09:13.834] [info]  Loading index for: /assets/organization._organizationId.project._projectId.workspace._workspaceId.insomnia-sync.create-snapshot-DwMqwZQ1.js from: /opt/insomnia/resources/app.asar/client/assets/organization._organizationId.project._projectId.workspace._workspaceId.insomnia-sync.create-snapshot-DwMqwZQ1.js
[2025-09-29 18:09:13.835] [info]  Loading index for: /assets/organization._organizationId.project._projectId.workspace._workspaceId.insomnia-sync.stage-C7XTDQil.js from: /opt/insomnia/resources/app.asar/client/assets/organization._organizationId.project._projectId.workspace._workspaceId.insomnia-sync.stage-C7XTDQil.js
[2025-09-29 18:09:13.847] [info]  Loading index for: /assets/organization._organizationId.project._projectId.workspace._workspaceId.insomnia-sync.unstage-DYI9GCfF.js from: /opt/insomnia/resources/app.asar/client/assets/organization._organizationId.project._projectId.workspace._workspaceId.insomnia-sync.unstage-DYI9GCfF.js
[2025-09-29 18:09:13.848] [info]  Loading index for: /assets/organization._organizationId.project._projectId.workspace._workspaceId.environment.set-active-global-CsVGn87i.js from: /opt/insomnia/resources/app.asar/client/assets/organization._organizationId.project._projectId.workspace._workspaceId.environment.set-active-global-CsVGn87i.js
[2025-09-29 18:09:13.849] [info]  Loading index for: /assets/organization._organizationId.project._projectId.workspace._workspaceId.update-cookie-jar-BlsjfJF9.js from: /opt/insomnia/resources/app.asar/client/assets/organization._organizationId.project._projectId.workspace._workspaceId.update-cookie-jar-BlsjfJF9.js
[2025-09-29 18:09:13.850] [info]  Loading index for: /assets/organization._organizationId.project._projectId.workspace._workspaceId.cacert.delete-DxyOi96_.js from: /opt/insomnia/resources/app.asar/client/assets/organization._organizationId.project._projectId.workspace._workspaceId.cacert.delete-DxyOi96_.js
[2025-09-29 18:09:13.850] [info]  Loading index for: /assets/organization._organizationId.project._projectId.workspace._workspaceId.cacert.new-JpuJva7P.js from: /opt/insomnia/resources/app.asar/client/assets/organization._organizationId.project._projectId.workspace._workspaceId.cacert.new-JpuJva7P.js
[2025-09-29 18:09:13.851] [info]  Loading index for: /assets/organization._organizationId.project._projectId.workspace._workspaceId.cacert.update-B1xbYxo-.js from: /opt/insomnia/resources/app.asar/client/assets/organization._organizationId.project._projectId.workspace._workspaceId.cacert.update-B1xbYxo-.js
[2025-09-29 18:09:13.852] [info]  Loading index for: /assets/organization._organizationId.project._projectId.workspace._workspaceId.clientcert.delete-AhlIYAGz.js from: /opt/insomnia/resources/app.asar/client/assets/organization._organizationId.project._projectId.workspace._workspaceId.clientcert.delete-AhlIYAGz.js
[2025-09-29 18:09:13.852] [info]  Loading index for: /assets/organization._organizationId.project._projectId.workspace._workspaceId.clientcert.new--779p5hU.js from: /opt/insomnia/resources/app.asar/client/assets/organization._organizationId.project._projectId.workspace._workspaceId.clientcert.new--779p5hU.js
[2025-09-29 18:09:13.852] [info]  Loading index for: /assets/organization._organizationId.project._projectId.workspace._workspaceId.clientcert.update-C7iuWtRP.js from: /opt/insomnia/resources/app.asar/client/assets/organization._organizationId.project._projectId.workspace._workspaceId.clientcert.update-C7iuWtRP.js
[2025-09-29 18:09:13.852] [info]  Loading index for: /assets/organization._organizationId.project._projectId.workspace._workspaceId.environment.create-DEC_NE8l.js from: /opt/insomnia/resources/app.asar/client/assets/organization._organizationId.project._projectId.workspace._workspaceId.environment.create-DEC_NE8l.js
[2025-09-29 18:09:13.853] [info]  Loading index for: /assets/organization._organizationId.project._projectId.workspace._workspaceId.environment.delete-BHt4E-Vw.js from: /opt/insomnia/resources/app.asar/client/assets/organization._organizationId.project._projectId.workspace._workspaceId.environment.delete-BHt4E-Vw.js
[2025-09-29 18:09:13.853] [info]  Loading index for: /assets/organization._organizationId.project._projectId.workspace._workspaceId.environment.duplicate-BoZwfbb5.js from: /opt/insomnia/resources/app.asar/client/assets/organization._organizationId.project._projectId.workspace._workspaceId.environment.duplicate-BoZwfbb5.js
[2025-09-29 18:09:13.853] [info]  Loading index for: /assets/organization._organizationId.project._projectId.workspace._workspaceId.environment.update-CktPe321.js from: /opt/insomnia/resources/app.asar/client/assets/organization._organizationId.project._projectId.workspace._workspaceId.environment.update-CktPe321.js
[2025-09-29 18:09:13.854] [info]  Loading index for: /assets/organization._organizationId.project._projectId.workspace._workspaceId.debug.request.new-mock-send-Ciy5nZr-.js from: /opt/insomnia/resources/app.asar/client/assets/organization._organizationId.project._projectId.workspace._workspaceId.debug.request.new-mock-send-Ciy5nZr-.js
[2025-09-29 18:09:13.854] [info]  Loading index for: /assets/organization._organizationId.project._projectId.workspace._workspaceId.mock-server.mock-route._mockRouteId.update-CQXFyNwK.js from: /opt/insomnia/resources/app.asar/client/assets/organization._organizationId.project._projectId.workspace._workspaceId.mock-server.mock-route._mockRouteId.update-CQXFyNwK.js
[2025-09-29 18:09:13.854] [info]  Loading index for: /assets/organization._organizationId.project._projectId.workspace._workspaceId.mock-server.mock-route._mockRouteId.delete-xB3RC9ZI.js from: /opt/insomnia/resources/app.asar/client/assets/organization._organizationId.project._projectId.workspace._workspaceId.mock-server.mock-route._mockRouteId.delete-xB3RC9ZI.js
[2025-09-29 18:09:14.041] [info]  Loading index for: /assets/organization._organizationId.project._projectId.workspace._workspaceId.insomnia-sync-BQFeYQSn.js from: /opt/insomnia/resources/app.asar/client/assets/organization._organizationId.project._projectId.workspace._workspaceId.insomnia-sync-BQFeYQSn.js
[2025-09-29 18:09:14.042] [info]  Loading index for: /assets/organization._organizationId.project._projectId.workspace._workspaceId.insomnia-sync.sync-data-CNLFNwrx.js from: /opt/insomnia/resources/app.asar/client/assets/organization._organizationId.project._projectId.workspace._workspaceId.insomnia-sync.sync-data-CNLFNwrx.js
[2025-09-29 18:09:16.169] [info]  Loading index for: /assets/organization.sync-organizations-and-projects-MHDtqLpg.js from: /opt/insomnia/resources/app.asar/client/assets/organization.sync-organizations-and-projects-MHDtqLpg.js
[2025-09-29 18:09:24.650] [info]  Loading index for: /assets/organization._organizationId.project._projectId.workspace.new-C4acU996.js from: /opt/insomnia/resources/app.asar/client/assets/organization._organizationId.project._projectId.workspace.new-C4acU996.js
[2025-09-29 18:09:34.563] [info]  Loading index for: /assets/organization._organizationId.project._projectId.workspace._workspaceId.debug.request.new-DSVmPLzj.js from: /opt/insomnia/resources/app.asar/client/assets/organization._organizationId.project._projectId.workspace._workspaceId.debug.request.new-DSVmPLzj.js
[2025-09-29 18:09:34.580] [info]  Loading index for: /assets/organization._organizationId.project._projectId.workspace._workspaceId.debug.request._requestId-OG8tRZ4P.js from: /opt/insomnia/resources/app.asar/client/assets/organization._organizationId.project._projectId.workspace._workspaceId.debug.request._requestId-OG8tRZ4P.js
[2025-09-29 18:09:52.015] [info]  Loading index for: /assets/organization._organizationId.project._projectId.workspace._workspaceId.debug.request._requestId.update-DEynwpyN.js from: /opt/insomnia/resources/app.asar/client/assets/organization._organizationId.project._projectId.workspace._workspaceId.debug.request._requestId.update-DEynwpyN.js
[2025-09-29 18:13:20.480] [info]  Loading index for: /assets/organization._organizationId.project._projectId.workspace._workspaceId.debug.request._requestId.send-Dyauk7XI.js from: /opt/insomnia/resources/app.asar/client/assets/organization._organizationId.project._projectId.workspace._workspaceId.debug.request._requestId.send-Dyauk7XI.js
