[2025-09-29 18:08:48.334] [info]  [plugin] Loading bundled plugin @kong/insomnia-plugin-external-vault from @kong/insomnia-plugin-external-vault
[2025-09-29 18:08:48.336] [error] Failed to load bundled plugin @kong/insomnia-plugin-external-vault Error: Cannot find module '@kong/insomnia-plugin-external-vault'
Require stack:
- electron/js2c/renderer_init
    at Module._resolveFilename (node:internal/modules/cjs/loader:1408:15)
    at a._resolveFilename (node:electron/js2c/renderer_init:2:2643)
    at defaultResolveImpl (node:internal/modules/cjs/loader:1064:19)
    at resolveForCJSWithHooks (node:internal/modules/cjs/loader:1069:22)
    at Module._load (node:internal/modules/cjs/loader:1218:37)
    at c._load (node:electron/js2c/node_init:2:18013)
    at s._load (node:electron/js2c/renderer_init:2:31718)
    at TracingChannel.traceSync (node:diagnostics_channel:322:14)
    at wrapModuleLoad (node:internal/modules/cjs/loader:242:24)
    at Module.require (node:internal/modules/cjs/loader:1494:12)
    at require (node:internal/modules/helpers:135:16)
    at https://insomnia-app.local/assets/index-6Vl7FqtK.js:156:9224
    at Array.forEach (<anonymous>)
    at getBundlePluginMap (https://insomnia-app.local/assets/index-6Vl7FqtK.js:156:8979)
    at getPlugins (https://insomnia-app.local/assets/index-6Vl7FqtK.js:156:8819)
    at async reloadPlugins (https://insomnia-app.local/assets/index-6Vl7FqtK.js:156:9456)
    at async init (https://insomnia-app.local/assets/index-6Vl7FqtK.js:156:7069)
    at async https://insomnia-app.local/assets/entry.client-LVjhm4OR.js:25:642
[2025-09-29 18:08:48.337] [info]  [migration] Migrating localStorage data from file origin
[2025-09-29 18:08:48.422] [info]  [entry.client] Initial entry: /onboarding/
[2025-09-29 18:08:48.942] [info]  [plugin] Loading bundled plugin @kong/insomnia-plugin-external-vault from @kong/insomnia-plugin-external-vault
[2025-09-29 18:08:48.943] [error] Failed to load bundled plugin @kong/insomnia-plugin-external-vault Error: Cannot find module '@kong/insomnia-plugin-external-vault'
Require stack:
- electron/js2c/renderer_init
    at Module._resolveFilename (node:internal/modules/cjs/loader:1408:15)
    at a._resolveFilename (node:electron/js2c/renderer_init:2:2643)
    at defaultResolveImpl (node:internal/modules/cjs/loader:1064:19)
    at resolveForCJSWithHooks (node:internal/modules/cjs/loader:1069:22)
    at Module._load (node:internal/modules/cjs/loader:1218:37)
    at c._load (node:electron/js2c/node_init:2:18013)
    at s._load (node:electron/js2c/renderer_init:2:31718)
    at TracingChannel.traceSync (node:diagnostics_channel:322:14)
    at wrapModuleLoad (node:internal/modules/cjs/loader:242:24)
    at Module.require (node:internal/modules/cjs/loader:1494:12)
    at require (node:internal/modules/helpers:135:16)
    at https://insomnia-app.local/assets/index-6Vl7FqtK.js:156:9224
    at Array.forEach (<anonymous>)
    at getBundlePluginMap (https://insomnia-app.local/assets/index-6Vl7FqtK.js:156:8979)
    at getPlugins (https://insomnia-app.local/assets/index-6Vl7FqtK.js:156:8819)
    at async reloadPlugins (https://insomnia-app.local/assets/index-6Vl7FqtK.js:156:9456)
    at async init (https://insomnia-app.local/assets/index-6Vl7FqtK.js:156:7069)
    at async https://insomnia-app.local/assets/entry.client-LVjhm4OR.js:25:642
