00:00:00.125358 VirtualBox GUI VM Selector Window 7.2.2 r170484 linux.amd64 (Sep 11 2025 11:31:33) release log
00:00:00.125359 Log opened 2025-09-29T09:52:40.668192000Z
00:00:00.125359 Build Type: release
00:00:00.125360 OS Product: Linux
00:00:00.125360 OS Release: 6.16.8-arch3-1
00:00:00.125361 OS Version: #1 SMP PREEMPT_DYNAMIC Mon, 22 Sep 2025 22:08:35 +0000
00:00:00.125376 DMI Product Name: ROG Zephyrus G16 GU603ZV_GU603ZV
00:00:00.125379 DMI Product Version: 1.0
00:00:00.125382 Firmware type: UEFI
00:00:00.125548 Secure Boot: Disabled
00:00:00.125569 Host RAM: 15603MB (15.2GB) total, 11835MB (11.5GB) available
00:00:00.125571 Executable: /usr/lib/virtualbox/VirtualBox
00:00:00.125571 Process ID: 58333
00:00:00.125571 Package type: LINUX_64BITS_GENERIC (OSE)
00:00:00.134827 Qt version: 6.9.2
00:00:00.135301 GUI: UIMediumEnumerator: Initial medium-enumeration finished!
00:00:00.137869 GUI: UIMediumEnumerator: Medium-enumeration started...
00:00:00.137918 GUI: UIMediumEnumerator: Medium-enumeration finished!
00:00:00.449150 GUI: UIMediumEnumerator: Medium-enumeration finished!
00:00:04.778650 GUI: UIInvisibleWindow::sltFallback: Move event missing. Screen: 0, work area: 1279x719 x 800x800
00:00:04.778680 GUI: UIDesktopWidgetWatchdog::sltHandleHostScreenAvailableGeometryCalculated: Screen 0 work area is actually resized to: 1279x719 x 800x800
00:00:23.790836 ERROR [COM]: aRC=NS_ERROR_UNEXPECTED (0x8000ffff) aIID={c0447716-ff5a-4795-b57a-ecd5fffa18a4} aComponent={SessionWrap} aText={The session is not locked (session state: Unlocked)}, preserve=false aResultDetail=0
