00:00:00.000119 main     VirtualBox XPCOM Server 7.2.2 r170484 linux.amd64 (Sep 11 2025 11:31:33) release log
00:00:00.000121 main     Log opened 2025-09-29T09:51:56.381321000Z
00:00:00.000121 main     Build Type: release
00:00:00.000123 main     OS Product: Linux
00:00:00.000123 main     OS Release: 6.16.8-arch3-1
00:00:00.000124 main     OS Version: #1 SMP PREEMPT_DYNAMIC Mon, 22 Sep 2025 22:08:35 +0000
00:00:00.000141 main     DMI Product Name: ROG Zephyrus G16 GU603ZV_GU603ZV
00:00:00.000146 main     DMI Product Version: 1.0
00:00:00.000149 main     Firmware type: UEFI
00:00:00.000360 main     Secure Boot: Disabled
00:00:00.000383 main     Host RAM: 15603MB (15.2GB) total, 11815MB (11.5GB) available
00:00:00.000385 main     Executable: /usr/lib/virtualbox/VBoxSVC
00:00:00.000385 main     Process ID: 58154
00:00:00.000386 main     Package type: LINUX_64BITS_GENERIC (OSE)
00:00:00.006060 main     IPC socket path: /tmp/.vbox-nbardavid-ipc/ipcd
00:00:00.009595 DCon01   VirtualBox: object creation starts
00:00:00.009652 DCon01   Home directory: '/home/nbardavid/.config/VirtualBox'
00:00:00.009738 DCon01   Loading settings file "/home/nbardavid/.config/VirtualBox/VirtualBox.xml" with version "1.12-linux"
00:00:00.020092 DCon01   HostDnsMonitor: initializing
00:00:00.020327 DCon01   NAT: resolv.conf: nameserver 10.51.1.2
00:00:00.020338 DCon01   HostDnsMonitor: updating information
00:00:00.020343 DCon01   HostDnsMonitor: old information
00:00:00.020344 DCon01     no server entries
00:00:00.020345 DCon01     no domain set
00:00:00.020346 DCon01     no search string entries
00:00:00.020347 DCon01   HostDnsMonitor: new information
00:00:00.020347 DCon01     server 1: 10.51.1.2
00:00:00.020348 DCon01     domain: 42paris.fr
00:00:00.020349 DCon01     search string 1: 42paris.fr
00:00:00.020350 DCon01     search string 2: int.42paris.fr
00:00:00.020351 DCon01     search string 3: clusters.42paris.fr
00:00:00.020352 DCon01     search string 4: 42.fr
00:00:00.021505 DCon01   VD: VDInit finished with VINF_SUCCESS
00:00:00.021581 DCon01   ERROR [COM]: aRC=NS_ERROR_FAILURE (0x80004005) aIID={925084b0-625f-422f-a67d-0ede1880a56c} aComponent={SystemPropertiesWrap} aText={Cannot determine default Guest Additions ISO location. Most likely they are not available}, preserve=false aResultDetail=0
00:00:00.022065 DCon01   Platform architecture set to 'x86'
00:00:00.022365 DCon01   ERROR [COM]: aRC=NS_ERROR_FAILURE (0x80004005) aIID={e36a5081-a82a-40bd-9e4e-42a44d6ce50f} aComponent={MachineWrap} aText={Runtime error opening '/mnt/taskmaster/taskmaster.vbox' for reading VERR_DEV_IO_ERROR (Unresolved (unknown) device i/o error.).
00:00:00.022368 DCon01   /build/virtualbox/src/VirtualBox-7.2.2/src/VBox/Main/src-server/MachineImpl.cpp[1000] (nsresult Machine::i_registeredInit())}, preserve=false aResultDetail=0
00:00:00.022587 DCon01   VirtualBox: object created
00:00:00.371288 DCon03   Platform architecture set to 'x86'
00:00:00.371513 DCon03   ERROR [COM]: aRC=NS_ERROR_FAILURE (0x80004005) aIID={e36a5081-a82a-40bd-9e4e-42a44d6ce50f} aComponent={MachineWrap} aText={Runtime error opening '/mnt/taskmaster/taskmaster.vbox' for reading VERR_DEV_IO_ERROR (Unresolved (unknown) device i/o error.).
00:00:00.371517 DCon03   /build/virtualbox/src/VirtualBox-7.2.2/src/VBox/Main/src-server/MachineImpl.cpp[1000] (nsresult Machine::i_registeredInit())}, preserve=false aResultDetail=0
00:00:00.371726 DCon03   Platform architecture set to 'x86'
00:00:00.371868 DCon03   ERROR [COM]: aRC=NS_ERROR_FAILURE (0x80004005) aIID={e36a5081-a82a-40bd-9e4e-42a44d6ce50f} aComponent={MachineWrap} aText={Runtime error opening '/mnt/taskmaster/taskmaster.vbox' for reading VERR_DEV_IO_ERROR (Unresolved (unknown) device i/o error.).
00:00:00.371871 DCon03   /build/virtualbox/src/VirtualBox-7.2.2/src/VBox/Main/src-server/MachineImpl.cpp[1000] (nsresult Machine::i_registeredInit())}, preserve=false aResultDetail=0
00:00:00.372173 DCon03   Platform architecture set to 'x86'
00:00:00.372311 DCon03   ERROR [COM]: aRC=NS_ERROR_FAILURE (0x80004005) aIID={e36a5081-a82a-40bd-9e4e-42a44d6ce50f} aComponent={MachineWrap} aText={Runtime error opening '/mnt/taskmaster/taskmaster.vbox' for reading VERR_DEV_IO_ERROR (Unresolved (unknown) device i/o error.).
00:00:00.372313 DCon03   /build/virtualbox/src/VirtualBox-7.2.2/src/VBox/Main/src-server/MachineImpl.cpp[1000] (nsresult Machine::i_registeredInit())}, preserve=false aResultDetail=0
00:00:00.413773 DCon03   WARNING [COM]: aRC=NS_ERROR_FAILURE (0x80004005) aIID={d5dcece0-b202-4416-a138-03502784cc07} aComponent={HostWrap} aText={VirtualBox is not currently allowed to access USB devices.  You can change this by adding your user to the 'vboxusers' group.  Please see the user manual for a more detailed explanation}, preserve=false aResultDetail=0
00:00:00.729629 DCon03   Saving settings file "/home/nbardavid/.config/VirtualBox/VirtualBox.xml" with version "1.12-linux"
00:00:00.743634 DCon03   Finished saving settings file "/home/nbardavid/.config/VirtualBox/VirtualBox.xml"
00:00:44.573288 DCon01   Platform architecture set to 'x86'
00:00:44.576213 DCon01   Loading settings file "/mnt/taskmaster/taskmaster.vbox" with version "1.19-linux"
00:00:44.576354 DCon01   Platform architecture set to 'x86'
00:00:44.600000 DCon05   WARNING [COM]: aRC=NS_ERROR_FAILURE (0x80004005) aIID={d5dcece0-b202-4416-a138-03502784cc07} aComponent={HostWrap} aText={VirtualBox is not currently allowed to access USB devices.  You can change this by adding your user to the 'vboxusers' group.  Please see the user manual for a more detailed explanation}, preserve=false aResultDetail=0
00:00:44.610113 DCon05   WARNING [COM]: aRC=NS_ERROR_FAILURE (0x80004005) aIID={d5dcece0-b202-4416-a138-03502784cc07} aComponent={HostWrap} aText={VirtualBox is not currently allowed to access USB devices.  You can change this by adding your user to the 'vboxusers' group.  Please see the user manual for a more detailed explanation}, preserve=true aResultDetail=0
00:00:44.637766 DCon05   ERROR [COM]: aRC=VBOX_E_OBJECT_NOT_FOUND (0x80bb0001) aIID={5bfd8965-b81b-469f-8649-f717ce97a5d5} aComponent={NvramStoreWrap} aText={The UEFI NVRAM file is not existing for this machine}, preserve=false aResultDetail=0
00:00:44.730389 DCon05   ERROR [COM]: aRC=VBOX_E_INVALID_VM_STATE (0x80bb0002) aIID={e36a5081-a82a-40bd-9e4e-42a44d6ce50f} aComponent={MachineWrap} aText={The machine is not mutable, saved or running (state is Saved)}, preserve=false aResultDetail=0
00:00:44.776153 DCon04   WARNING [COM]: aRC=NS_ERROR_FAILURE (0x80004005) aIID={d5dcece0-b202-4416-a138-03502784cc07} aComponent={HostWrap} aText={VirtualBox is not currently allowed to access USB devices.  You can change this by adding your user to the 'vboxusers' group.  Please see the user manual for a more detailed explanation}, preserve=true aResultDetail=0
00:00:44.777190 DCon04   WARNING [COM]: aRC=NS_ERROR_FAILURE (0x80004005) aIID={d5dcece0-b202-4416-a138-03502784cc07} aComponent={HostWrap} aText={VirtualBox is not currently allowed to access USB devices.  You can change this by adding your user to the 'vboxusers' group.  Please see the user manual for a more detailed explanation}, preserve=true aResultDetail=0
00:00:46.550165 DCon03   Launched VM: 1073783120 pid: 58367 (0xe3ff) frontend: GUI/Qt name: taskmaster
00:00:46.558534 DCon05   ERROR [COM]: aRC=VBOX_E_OBJECT_NOT_FOUND (0x80bb0001) aIID={5bfd8965-b81b-469f-8649-f717ce97a5d5} aComponent={NvramStoreWrap} aText={The UEFI NVRAM file is not existing for this machine}, preserve=false aResultDetail=0
00:00:46.565449 DCon05   ERROR [COM]: aRC=VBOX_E_INVALID_VM_STATE (0x80bb0002) aIID={e36a5081-a82a-40bd-9e4e-42a44d6ce50f} aComponent={MachineWrap} aText={The machine is not mutable, saved or running (state is Saved)}, preserve=false aResultDetail=0
00:00:46.570714 DCon05   WARNING [COM]: aRC=NS_ERROR_FAILURE (0x80004005) aIID={d5dcece0-b202-4416-a138-03502784cc07} aComponent={HostWrap} aText={VirtualBox is not currently allowed to access USB devices.  You can change this by adding your user to the 'vboxusers' group.  Please see the user manual for a more detailed explanation}, preserve=true aResultDetail=0
00:00:46.571711 DCon05   WARNING [COM]: aRC=NS_ERROR_FAILURE (0x80004005) aIID={d5dcece0-b202-4416-a138-03502784cc07} aComponent={HostWrap} aText={VirtualBox is not currently allowed to access USB devices.  You can change this by adding your user to the 'vboxusers' group.  Please see the user manual for a more detailed explanation}, preserve=true aResultDetail=0
00:00:46.693736 DCon13   Platform architecture set to 'x86'
00:00:46.701401 DCon09   ERROR [COM]: aRC=VBOX_E_OBJECT_NOT_FOUND (0x80bb0001) aIID={5bfd8965-b81b-469f-8649-f717ce97a5d5} aComponent={NvramStoreWrap} aText={The UEFI NVRAM file is not existing for this machine}, preserve=false aResultDetail=0
00:00:46.708140 DCon09   ERROR [COM]: aRC=VBOX_E_INVALID_VM_STATE (0x80bb0002) aIID={e36a5081-a82a-40bd-9e4e-42a44d6ce50f} aComponent={MachineWrap} aText={The machine is not mutable, saved or running (state is Saved)}, preserve=false aResultDetail=0
00:00:46.719785 DCon09   WARNING [COM]: aRC=NS_ERROR_FAILURE (0x80004005) aIID={d5dcece0-b202-4416-a138-03502784cc07} aComponent={HostWrap} aText={VirtualBox is not currently allowed to access USB devices.  You can change this by adding your user to the 'vboxusers' group.  Please see the user manual for a more detailed explanation}, preserve=true aResultDetail=0
00:00:46.720202 DCon09   WARNING [COM]: aRC=NS_ERROR_FAILURE (0x80004005) aIID={d5dcece0-b202-4416-a138-03502784cc07} aComponent={HostWrap} aText={VirtualBox is not currently allowed to access USB devices.  You can change this by adding your user to the 'vboxusers' group.  Please see the user manual for a more detailed explanation}, preserve=true aResultDetail=0
00:00:47.001304 DCon05   WARNING [COM]: aRC=NS_ERROR_FAILURE (0x80004005) aIID={d5dcece0-b202-4416-a138-03502784cc07} aComponent={HostWrap} aText={VirtualBox is not currently allowed to access USB devices.  You can change this by adding your user to the 'vboxusers' group.  Please see the user manual for a more detailed explanation}, preserve=true aResultDetail=0
00:00:47.001824 DCon05   WARNING [COM]: aRC=NS_ERROR_FAILURE (0x80004005) aIID={d5dcece0-b202-4416-a138-03502784cc07} aComponent={HostWrap} aText={VirtualBox is not currently allowed to access USB devices.  You can change this by adding your user to the 'vboxusers' group.  Please see the user manual for a more detailed explanation}, preserve=true aResultDetail=0
00:00:47.002110 DCon05   WARNING [COM]: aRC=NS_ERROR_FAILURE (0x80004005) aIID={d5dcece0-b202-4416-a138-03502784cc07} aComponent={HostWrap} aText={VirtualBox is not currently allowed to access USB devices.  You can change this by adding your user to the 'vboxusers' group.  Please see the user manual for a more detailed explanation}, preserve=true aResultDetail=0
00:00:47.029729 DCon09   WARNING [COM]: aRC=NS_ERROR_FAILURE (0x80004005) aIID={d5dcece0-b202-4416-a138-03502784cc07} aComponent={HostWrap} aText={VirtualBox is not currently allowed to access USB devices.  You can change this by adding your user to the 'vboxusers' group.  Please see the user manual for a more detailed explanation}, preserve=true aResultDetail=0
00:00:47.030072 DCon09   WARNING [COM]: aRC=NS_ERROR_FAILURE (0x80004005) aIID={d5dcece0-b202-4416-a138-03502784cc07} aComponent={HostWrap} aText={VirtualBox is not currently allowed to access USB devices.  You can change this by adding your user to the 'vboxusers' group.  Please see the user manual for a more detailed explanation}, preserve=true aResultDetail=0
00:00:47.032374 DCon09   ERROR [COM]: aRC=NS_ERROR_FAILURE (0x80004005) aIID={83cfdc66-4f20-4569-ad39-8722f7d472b3} aComponent={RecordingSettingsWrap} aText={Recording not started}, preserve=false aResultDetail=0
00:00:47.047113 DCon05   WARNING [COM]: aRC=NS_ERROR_FAILURE (0x80004005) aIID={d5dcece0-b202-4416-a138-03502784cc07} aComponent={HostWrap} aText={VirtualBox is not currently allowed to access USB devices.  You can change this by adding your user to the 'vboxusers' group.  Please see the user manual for a more detailed explanation}, preserve=false aResultDetail=0
00:00:47.047885 DCon05   WARNING [COM]: aRC=NS_ERROR_FAILURE (0x80004005) aIID={d5dcece0-b202-4416-a138-03502784cc07} aComponent={HostWrap} aText={VirtualBox is not currently allowed to access USB devices.  You can change this by adding your user to the 'vboxusers' group.  Please see the user manual for a more detailed explanation}, preserve=true aResultDetail=0
00:00:47.048053 DCon05   WARNING [COM]: aRC=NS_ERROR_FAILURE (0x80004005) aIID={d5dcece0-b202-4416-a138-03502784cc07} aComponent={HostWrap} aText={VirtualBox is not currently allowed to access USB devices.  You can change this by adding your user to the 'vboxusers' group.  Please see the user manual for a more detailed explanation}, preserve=true aResultDetail=0
00:00:47.343297 DCon05   Saving settings file "/home/nbardavid/.config/VirtualBox/VirtualBox.xml" with version "1.12-linux"
00:00:47.410254 DCon05   Finished saving settings file "/home/nbardavid/.config/VirtualBox/VirtualBox.xml"
00:00:49.246337 DCon01   Saving settings file "/home/nbardavid/.config/VirtualBox/VirtualBox.xml" with version "1.12-linux"
00:00:49.262593 DCon01   Finished saving settings file "/home/nbardavid/.config/VirtualBox/VirtualBox.xml"
00:00:51.344672 DCon13   Saving settings file "/home/nbardavid/.config/VirtualBox/VirtualBox.xml" with version "1.12-linux"
00:00:51.358965 DCon13   Finished saving settings file "/home/nbardavid/.config/VirtualBox/VirtualBox.xml"
00:01:07.404246 DCon06   Saving settings file "/home/nbardavid/.config/VirtualBox/VirtualBox.xml" with version "1.12-linux"
00:01:07.418782 DCon06   Finished saving settings file "/home/nbardavid/.config/VirtualBox/VirtualBox.xml"
00:01:07.932100 DCon03   Saving settings file "/mnt/taskmaster/taskmaster.vbox" with version "1.19-linux"
00:01:07.938074 DCon03   Finished saving settings file "/mnt/taskmaster/taskmaster.vbox" with failure
00:01:07.938098 DCon03   ERROR [COM]: aRC=NS_ERROR_FAILURE (0x80004005) aIID={e36a5081-a82a-40bd-9e4e-42a44d6ce50f} aComponent={SessionMachine} aText={Runtime error opening '/mnt/taskmaster/taskmaster.vbox-tmp' for overwriting VERR_ACCESS_DENIED (Access denied.).
00:01:07.938101 DCon03   /build/virtualbox/src/VirtualBox-7.2.2/src/VBox/Main/src-server/MachineImpl.cpp[10525] (nsresult Machine::i_saveStateSettings(int))}, preserve=false aResultDetail=0
00:01:07.954776 DCon04   WARNING [COM]: aRC=NS_ERROR_FAILURE (0x80004005) aIID={d5dcece0-b202-4416-a138-03502784cc07} aComponent={HostWrap} aText={VirtualBox is not currently allowed to access USB devices.  You can change this by adding your user to the 'vboxusers' group.  Please see the user manual for a more detailed explanation}, preserve=true aResultDetail=0
00:01:07.961056 DCon04   ERROR [COM]: aRC=VBOX_E_OBJECT_NOT_FOUND (0x80bb0001) aIID={5bfd8965-b81b-469f-8649-f717ce97a5d5} aComponent={NvramStoreWrap} aText={The UEFI NVRAM file is not existing for this machine}, preserve=false aResultDetail=0
00:01:07.969687 DCon14   ERROR [COM]: aRC=VBOX_E_INVALID_VM_STATE (0x80bb0002) aIID={e36a5081-a82a-40bd-9e4e-42a44d6ce50f} aComponent={MachineWrap} aText={The machine is not mutable, saved or running (state is Aborted-Saved)}, preserve=false aResultDetail=0
00:01:07.975286 DCon14   WARNING [COM]: aRC=NS_ERROR_FAILURE (0x80004005) aIID={d5dcece0-b202-4416-a138-03502784cc07} aComponent={HostWrap} aText={VirtualBox is not currently allowed to access USB devices.  You can change this by adding your user to the 'vboxusers' group.  Please see the user manual for a more detailed explanation}, preserve=true aResultDetail=0
00:01:07.975647 DCon14   WARNING [COM]: aRC=NS_ERROR_FAILURE (0x80004005) aIID={d5dcece0-b202-4416-a138-03502784cc07} aComponent={HostWrap} aText={VirtualBox is not currently allowed to access USB devices.  You can change this by adding your user to the 'vboxusers' group.  Please see the user manual for a more detailed explanation}, preserve=true aResultDetail=0
